<?xml version="1.0" encoding="UTF-8"?>
<!-- Generated by org.testng.reporters.JUnitXMLReporter -->
<testsuite hostname="GUDU-PC" name="Default test" tests="10" failures="0" timestamp="26 Feb 2021 04:18:08 GMT" time="47.638" errors="0">
  <testcase name="testLogin" time="10.296" classname="testCases.HybridExecuteTest"/>
  <testcase name="testLogin" time="11.468" classname="testCases.HybridExecuteTest"/>
  <testcase name="testLogin" time="0.361" classname="testCases.HybridExecuteTest"/>
  <testcase name="testLogin" time="0.094" classname="testCases.HybridExecuteTest"/>
  <testcase name="testLogin" time="0.093" classname="testCases.HybridExecuteTest"/>
  <testcase name="testLogin" time="10.098" classname="testCases.HybridExecuteTest"/>
  <testcase name="testLogin" time="11.568" classname="testCases.HybridExecuteTest"/>
  <testcase name="testLogin" time="0.36" classname="testCases.HybridExecuteTest"/>
  <testcase name="testLogin" time="1.562" classname="testCases.HybridExecuteTest"/>
  <testcase name="testLogin" time="0.157" classname="testCases.HybridExecuteTest"/>
</testsuite> <!-- Default test -->
